<?xml version="1.0" encoding="UTF-8"?>
<!-- Generated by org.testng.reporters.JUnitReportReporter -->
<testsuite hostname="DT-JMIHAJLOVIC" name="AllThingsTalk.pages.signUp.SignUpTests" tests="6" failures="0" timestamp="27 Dec 2019 11:33:36 GMT" time="4.798" errors="0">
  <testcase name="canntoRegisterWithSameUsername" time="0.572" classname="AllThingsTalk.pages.signUp.SignUpTests"/>
  <testcase name="canntoRegisterWithSameEmail" time="0.628" classname="AllThingsTalk.pages.signUp.SignUpTests"/>
  <testcase name="registerNewAccount" time="0.861" classname="AllThingsTalk.pages.signUp.SignUpTests"/>
  <testcase name="allFieldsAreBlank" time="0.599" classname="AllThingsTalk.pages.signUp.SignUpTests"/>
  <testcase name="canntoRegisterWithoutEmail" time="0.530" classname="AllThingsTalk.pages.signUp.SignUpTests"/>
  <testcase name="canntoRegisterWithoutPassword" time="1.608" classname="AllThingsTalk.pages.signUp.SignUpTests"/>
</testsuite> <!-- AllThingsTalk.pages.signUp.SignUpTests -->
