<?xml version="1.0" encoding="UTF-8"?>
<!-- Generated by org.testng.reporters.JUnitReportReporter -->
<testsuite hostname="DESKTOP-8VQ09FA" failures="0" tests="2" name="AllThingsTalk.pages.newEmployee.NewEmployeeTests" time="3.379" errors="0" timestamp="2019-12-27T23:48:02 CET" skipped="0">
  <testcase classname="AllThingsTalk.pages.newEmployee.NewEmployeeTests" name="createNewEmployee" time="1.729"/>
  <testcase classname="AllThingsTalk.pages.newEmployee.NewEmployeeTests" name="deleteEmployee" time="1.650"/>
</testsuite> <!-- AllThingsTalk.pages.newEmployee.NewEmployeeTests -->
