<?xml version="1.0" encoding="UTF-8"?>
<!-- Generated by org.testng.reporters.JUnitReportReporter -->
<testsuite hostname="DESKTOP-8VQ09FA" failures="0" tests="3" name="AllThingsTalk.pages.login.LoginTests" time="2.953" errors="0" timestamp="2019-12-27T23:48:02 CET" skipped="0">
  <testcase classname="AllThingsTalk.pages.login.LoginTests" name="cannotLoginWithInvalidPassword" time="1.049"/>
  <testcase classname="AllThingsTalk.pages.login.LoginTests" name="canLoginWithEmail" time="0.941"/>
  <testcase classname="AllThingsTalk.pages.login.LoginTests" name="canLoginWithUsername" time="0.963"/>
</testsuite> <!-- AllThingsTalk.pages.login.LoginTests -->
