<?xml version="1.0" encoding="UTF-8"?>
<!-- Generated by org.testng.reporters.JUnitReportReporter -->
<testsuite hostname="DESKTOP-8VQ09FA" failures="0" tests="6" name="AllThingsTalk.pages.signUp.SignUpTests" time="6.375" errors="0" timestamp="2019-12-27T23:48:02 CET" skipped="0">
  <testcase classname="AllThingsTalk.pages.signUp.SignUpTests" name="allFieldsAreBlank" time="0.736"/>
  <testcase classname="AllThingsTalk.pages.signUp.SignUpTests" name="canntoRegisterWithSameEmail" time="0.877"/>
  <testcase classname="AllThingsTalk.pages.signUp.SignUpTests" name="canntoRegisterWithSameUsername" time="0.829"/>
  <testcase classname="AllThingsTalk.pages.signUp.SignUpTests" name="canntoRegisterWithoutEmail" time="0.695"/>
  <testcase classname="AllThingsTalk.pages.signUp.SignUpTests" name="canntoRegisterWithoutPassword" time="1.977"/>
  <testcase classname="AllThingsTalk.pages.signUp.SignUpTests" name="registerNewAccount" time="1.261"/>
</testsuite> <!-- AllThingsTalk.pages.signUp.SignUpTests -->
